<?xml version="1.0" encoding="UTF-8"?>
<!-- Generated by org.testng.reporters.JUnitReportReporter -->
<testsuite hostname="ON34C03074536" name="demosite.LoginSetUp" tests="2" failures="0" timestamp="7 Sep 2021 23:30:57 GMT" time="7.208" errors="0">
  <testcase name="loginToMercury" time="5.256" classname="demosite.LoginSetUp"/>
  <testcase name="loginToMercury" time="1.952" classname="demosite.LoginSetUp"/>
</testsuite> <!-- demosite.LoginSetUp -->
